Using pre-set license
Built from '2020.3/staging' branch; Version is '2020.3.11f1 (99c7afb366b3) revision 10078127'; Using compiler version '192528614'; Build Type 'Release'
OS: 'Windows 10 Home Single Language; OS build 22000.527; Version 2009; 64bit' Language: 'en' Physical Memory: 6082 MB
BatchMode: 1, IsHumanControllingUs: 0, StartBugReporterOnCrash: 0, Is64bit: 1, IsPro: 0

 COMMAND LINE ARGUMENTS:
E:\GAME DEV\Unity\Editor\Unity.exe
-adb2
-batchMode
-noUpm
-name
AssetImportWorker0
-projectPath
E:/GAME DEV/GAMES(Self)/FPS ZOMBIE
-logFile
Logs/AssetImportWorker0.log
-srvPort
50804
Successfully changed project path to: E:/GAME DEV/GAMES(Self)/FPS ZOMBIE
E:/GAME DEV/GAMES(Self)/FPS ZOMBIE
Using Asset Import Pipeline V2.
Refreshing native plugins compatible for Editor in 236.13 ms, found 2 plugins.
Preloading 0 native plugins for Editor in 0.00 ms.
Initialize engine version: 2020.3.11f1 (99c7afb366b3)
[Subsystems] Discovering subsystems at path E:/GAME DEV/Unity/Editor/Data/Resources/UnitySubsystems
[Subsystems] Discovering subsystems at path E:/GAME DEV/GAMES(Self)/FPS ZOMBIE/Assets
GfxDevice: creating device client; threaded=0
Direct3D:
    Version:  Direct3D 11.0 [level 11.1]
    Renderer: Radeon RX 560X Series (ID=0x67ef)
    Vendor:   
    VRAM:     4077 MB
    Driver:   27.20.1028.1
Initialize mono
Mono path[0] = 'E:/GAME DEV/Unity/Editor/Data/Managed'
Mono path[1] = 'E:/GAME DEV/Unity/Editor/Data/MonoBleedingEdge/lib/mono/unityjit'
Mono config path = 'E:/GAME DEV/Unity/Editor/Data/MonoBleedingEdge/etc'
Using monoOptions --debugger-agent=transport=dt_socket,embedding=1,server=y,suspend=n,address=127.0.0.1:56516
Begin MonoManager ReloadAssembly
Registering precompiled unity dll's ...
Register platform support module: E:/GAME DEV/Unity/Editor/Data/PlaybackEngines/WindowsStandaloneSupport/UnityEditor.WindowsStandalone.Extensions.dll
Registered in 0.027218 seconds.
Native extension for WindowsStandalone target not found
Refreshing native plugins compatible for Editor in 58.62 ms, found 2 plugins.
Preloading 0 native plugins for Editor in 0.00 ms.
Mono: successfully reloaded assembly
- Completed reload, in  6.211 seconds
Platform modules already initialized, skipping
Registering precompiled user dll's ...
Registered in 0.160853 seconds.
Begin MonoManager ReloadAssembly
Native extension for WindowsStandalone target not found
Refreshing native plugins compatible for Editor in 0.88 ms, found 2 plugins.
Preloading 0 native plugins for Editor in 0.00 ms.
Mono: successfully reloaded assembly
- Completed reload, in  2.287 seconds
Platform modules already initialized, skipping
========================================================================
Worker process is ready to serve import requests
Launched and connected shader compiler UnityShaderCompiler.exe after 0.26 seconds
Refreshing native plugins compatible for Editor in 2.66 ms, found 2 plugins.
Preloading 0 native plugins for Editor in 0.00 ms.
Unloading 1951 Unused Serialized files (Serialized files now loaded: 0)
System memory in use before: 116.5 MB.
System memory in use after: 116.6 MB.

Unloading 19 unused Assets to reduce memory usage. Loaded Objects now: 2422.
Total: 5.819500 ms (FindLiveObjects: 0.877100 ms CreateObjectMapping: 0.290300 ms MarkObjects: 4.367900 ms  DeleteObjects: 0.279800 ms)

========================================================================
Received Import Request.
  path: Assets/Prefabs/UI.prefab
  artifactKey: Guid(1aa30263e6bd4ae46a09155edc362e6d) Importer(815301076,1909f56bfc062723c751e8b465ee728b)
Start importing Assets/Prefabs/UI.prefab using Guid(1aa30263e6bd4ae46a09155edc362e6d) Importer(815301076,1909f56bfc062723c751e8b465ee728b)  -> (artifact id: 'a24773bcc57eb6de3fdfc560b53c8a98') in 0.785508 seconds
  Import took 1.345549 seconds .

AssetImportWorkerClient::OnTransportError - code=2 error=End of file
